Change Component Footprint: Designator=PIR_Sensor Old Footprint=PIR_MODULE - CONNECTOR New Footprint=PIR_MODULE
Added Component: Designator=C5(C1206)
Add component. Clean all parameters for all variants
Add component (AddParameter): Name = "LatestRevisionDate"; Value = "29-May-2009"; VariantName = "[No Variations]"
Add component (AddParameter): Name = "LatestRevisionNote"; Value = "IPC-7351 Footprint Added."; VariantName = "[No Variations]"
Add component (AddParameter): Name = "PackageDescription"; Value = "Chip Capacitor"; VariantName = "[No Variations]"
Add component (AddParameter): Name = "PackageReference"; Value = "C1206"; VariantName = "[No Variations]"
Add component (AddParameter): Name = "Published"; Value = "8-Jun-2000"; VariantName = "[No Variations]"
Add component (AddParameter): Name = "Publisher"; Value = "Altium Limited"; VariantName = "[No Variations]"
Add component (AddParameter): Name = "Value"; Value = "22uF"; VariantName = "[No Variations]"
Added Component: Designator=C6(C1206)
Add component. Clean all parameters for all variants
Add component (AddParameter): Name = "LatestRevisionDate"; Value = "29-May-2009"; VariantName = "[No Variations]"
Add component (AddParameter): Name = "LatestRevisionNote"; Value = "IPC-7351 Footprint Added."; VariantName = "[No Variations]"
Add component (AddParameter): Name = "PackageDescription"; Value = "Chip Capacitor"; VariantName = "[No Variations]"
Add component (AddParameter): Name = "PackageReference"; Value = "C1206"; VariantName = "[No Variations]"
Add component (AddParameter): Name = "Published"; Value = "8-Jun-2000"; VariantName = "[No Variations]"
Add component (AddParameter): Name = "Publisher"; Value = "Altium Limited"; VariantName = "[No Variations]"
Add component (AddParameter): Name = "Value"; Value = "10uF"; VariantName = "[No Variations]"
Added Component: Designator=C100(1206)
Add component. Clean all parameters for all variants
Add component (AddParameter): Name = "Adding Date"; Value = "1387/12/20"; VariantName = "[No Variations]"
Add component (AddParameter): Name = "Designer"; Value = "Saeid Jorablo"; VariantName = "[No Variations]"
Add component (AddParameter): Name = "Organazation"; Value = "ControTec"; VariantName = "[No Variations]"
Add component (AddParameter): Name = "Value"; Value = "100nF"; VariantName = "[No Variations]"
Add component (AddParameter): Name = "Voltage"; Value = "100V"; VariantName = "[No Variations]"
Added Component: Designator=C200(1206)
Add component. Clean all parameters for all variants
Add component (AddParameter): Name = "Adding Date"; Value = "1387/12/20"; VariantName = "[No Variations]"
Add component (AddParameter): Name = "Designer"; Value = "Saeid Jorablo"; VariantName = "[No Variations]"
Add component (AddParameter): Name = "Organazation"; Value = "ControTec"; VariantName = "[No Variations]"
Add component (AddParameter): Name = "Value"; Value = "100nF"; VariantName = "[No Variations]"
Add component (AddParameter): Name = "Voltage"; Value = "100V"; VariantName = "[No Variations]"
Added Component: Designator=R50(1206)
Add component. Clean all parameters for all variants
Add component (AddParameter): Name = "Value"; Value = "5.6k"; VariantName = "[No Variations]"
Added Component: Designator=SPI_out(ethernet_module)
Add component. Clean all parameters for all variants
Add component (AddParameter): Name = "LatestRevisionDate"; Value = "17-Jul-2002"; VariantName = "[No Variations]"
Add component (AddParameter): Name = "LatestRevisionNote"; Value = "Re-released for DXP Platform."; VariantName = "[No Variations]"
Add component (AddParameter): Name = "Publisher"; Value = "Altium Limited"; VariantName = "[No Variations]"
Added Pin To Net: NetName=5V Pin=C5-1
Added Pin To Net: NetName=GND Pin=C5-2
Added Pin To Net: NetName=12V Pin=C6-1
Added Pin To Net: NetName=GND Pin=C6-2
Added Pin To Net: NetName=3.3V Pin=C100-1
Added Pin To Net: NetName=GND Pin=C100-2
Added Pin To Net: NetName=3.3V Pin=C200-1
Added Pin To Net: NetName=GND Pin=C200-2
Added Pin To Net: NetName=3.3V Pin=R50-1
Added Pin To Net: NetName=DATA_humadity Pin=R50-2
Added Pin To Net: NetName=3.3V Pin=SPI_out-1
Added Pin To Net: NetName=CS2 Pin=SPI_out-2
Added Pin To Net: NetName=SPI2_SCK Pin=SPI_out-3
Added Pin To Net: NetName=CS3 Pin=SPI_out-4
Added Pin To Net: NetName=SPI2_MISO Pin=SPI_out-5
Added Pin To Net: NetName=CS4 Pin=SPI_out-6
Added Pin To Net: NetName=SPI2_MOSI Pin=SPI_out-7
Added Pin To Net: NetName=CS5 Pin=SPI_out-8
Added Pin To Net: NetName=GND Pin=SPI_out-9
Added Pin To Net: NetName=CS6 Pin=SPI_out-10
Added Member To Class: ClassName=Sheet1 Member=Component C5 Cap Semi
Added Member To Class: ClassName=Sheet1 Member=Component C6 PC1
Added Member To Class: ClassName=Sheet1 Member=Component C100 100nF
Added Member To Class: ClassName=Sheet1 Member=Component C200 100nF
Added Member To Class: ClassName=Sheet1 Member=Component R50 5.6k
Added Member To Class: ClassName=Sheet1 Member=Component SPI_out
Added Room: Name=Sheet1
