Removed Pin From Net: NetName=3.3V Pin=C7-1
Removed Pin From Net: NetName=GND Pin=C7-2
Change Component Comment : Designator=C7 Old Comment=100nF New Comment=15nF
Change component parameters: Designator = "C7"; Footprint = "1206"; UniqueID = "\MHRFQUNX"
Change component parameters. Clean all parameters for all variants
Change component parameters (AddParameter): Name = "LatestRevisionDate"; Value = "17-Jul-2002"; VariantName = "[No Variations]"
Change component parameters (AddParameter): Name = "LatestRevisionNote"; Value = "Re-released for DXP Platform."; VariantName = "[No Variations]"
Change component parameters (AddParameter): Name = "PackageDescription"; Value = "Radial Cap, Thru-Hole; 2 Leads; 0.3 in Pin Spacing"; VariantName = "[No Variations]"
Change component parameters (AddParameter): Name = "PackageReference"; Value = "RAD-0.3"; VariantName = "[No Variations]"
Change component parameters (AddParameter): Name = "Published"; Value = "8-Jun-2000"; VariantName = "[No Variations]"
Change component parameters (AddParameter): Name = "Publisher"; Value = "Altium Limited"; VariantName = "[No Variations]"
Change component parameters (AddParameter): Name = "STATE"; Value = "NOT-AVAILABLE"; VariantName = "[No Variations]"
Change component parameters (AddParameter): Name = "TYPE"; Value = "tantalum"; VariantName = "[No Variations]"
Added Component: Designator=C8(E)
Add component. Clean all parameters for all variants
Add component (AddParameter): Name = "ComponentLink1Description"; Value = "Manufacturer Link"; VariantName = "[No Variations]"
Add component (AddParameter): Name = "ComponentLink1URL"; Value = "http://www.vishay.com/"; VariantName = "[No Variations]"
Add component (AddParameter): Name = "ComponentLink2Description"; Value = "Datasheet"; VariantName = "[No Variations]"
Add component (AddParameter): Name = "ComponentLink2URL"; Value = "http://www.vishay.com/docs/90006/94sh.pdf"; VariantName = "[No Variations]"
Add component (AddParameter): Name = "DatasheetDocument"; Value = "23-May-2001"; VariantName = "[No Variations]"
Add component (AddParameter): Name = "DrillSize"; Value = "Nominal, Rounded to the nearest 0.1mm"; VariantName = "[No Variations]"
Add component (AddParameter): Name = "Note"; Value = "Part Numbers shown are for ± 20% capacitance tolerance (X0)."; VariantName = "[No Variations]"
Add component (AddParameter): Name = "PackageReference"; Value = "E"; VariantName = "[No Variations]"
Add component (AddParameter): Name = "PCB_Layout"; Value = "Complies with Manufacturer's Recommendation."; VariantName = "[No Variations]"
Add component (AddParameter): Name = "Published"; Value = "19-Mar-2004"; VariantName = "[No Variations]"
Add component (AddParameter): Name = "Publisher"; Value = "Altium Limited"; VariantName = "[No Variations]"
Add component (AddParameter): Name = "Value"; Value = "100uF"; VariantName = "[No Variations]"
Added Component: Designator=C13(1206)
Add component. Clean all parameters for all variants
Add component (AddParameter): Name = "Adding Date"; Value = "1387/12/20"; VariantName = "[No Variations]"
Add component (AddParameter): Name = "Designer"; Value = "Saeid Jorablo"; VariantName = "[No Variations]"
Add component (AddParameter): Name = "Organazation"; Value = "ControTec"; VariantName = "[No Variations]"
Add component (AddParameter): Name = "Value"; Value = "100nF"; VariantName = "[No Variations]"
Add component (AddParameter): Name = "Voltage"; Value = "100V"; VariantName = "[No Variations]"
Added Component: Designator=C14(1206)
Add component. Clean all parameters for all variants
Add component (AddParameter): Name = "Adding Date"; Value = "1387/12/20"; VariantName = "[No Variations]"
Add component (AddParameter): Name = "Designer"; Value = "Saeid Jorablo"; VariantName = "[No Variations]"
Add component (AddParameter): Name = "Organazation"; Value = "ControTec"; VariantName = "[No Variations]"
Add component (AddParameter): Name = "Value"; Value = "100nF"; VariantName = "[No Variations]"
Add component (AddParameter): Name = "Voltage"; Value = "100V"; VariantName = "[No Variations]"
Added Component: Designator=C15(1206)
Add component. Clean all parameters for all variants
Add component (AddParameter): Name = "Adding Date"; Value = "1387/12/20"; VariantName = "[No Variations]"
Add component (AddParameter): Name = "Designer"; Value = "Saeid Jorablo"; VariantName = "[No Variations]"
Add component (AddParameter): Name = "Organazation"; Value = "ControTec"; VariantName = "[No Variations]"
Add component (AddParameter): Name = "Value"; Value = "100nF"; VariantName = "[No Variations]"
Add component (AddParameter): Name = "Voltage"; Value = "100V"; VariantName = "[No Variations]"
Added Component: Designator=C16(1206)
Add component. Clean all parameters for all variants
Add component (AddParameter): Name = "Adding Date"; Value = "1387/12/20"; VariantName = "[No Variations]"
Add component (AddParameter): Name = "Designer"; Value = "Saeid Jorablo"; VariantName = "[No Variations]"
Add component (AddParameter): Name = "Organazation"; Value = "ControTec"; VariantName = "[No Variations]"
Add component (AddParameter): Name = "Value"; Value = "100nF"; VariantName = "[No Variations]"
Add component (AddParameter): Name = "Voltage"; Value = "100V"; VariantName = "[No Variations]"
Added Component: Designator=C17(1206)
Add component. Clean all parameters for all variants
Add component (AddParameter): Name = "Adding Date"; Value = "1387/12/20"; VariantName = "[No Variations]"
Add component (AddParameter): Name = "Designer"; Value = "Saeid Jorablo"; VariantName = "[No Variations]"
Add component (AddParameter): Name = "Organazation"; Value = "ControTec"; VariantName = "[No Variations]"
Add component (AddParameter): Name = "Value"; Value = "100nF"; VariantName = "[No Variations]"
Add component (AddParameter): Name = "Voltage"; Value = "100V"; VariantName = "[No Variations]"
Added Component: Designator=C18(1206)
Add component. Clean all parameters for all variants
Add component (AddParameter): Name = "Adding Date"; Value = "1387/12/20"; VariantName = "[No Variations]"
Add component (AddParameter): Name = "Designer"; Value = "Saeid Jorablo"; VariantName = "[No Variations]"
Add component (AddParameter): Name = "Organazation"; Value = "ControTec"; VariantName = "[No Variations]"
Add component (AddParameter): Name = "Value"; Value = "100nF"; VariantName = "[No Variations]"
Add component (AddParameter): Name = "Voltage"; Value = "100V"; VariantName = "[No Variations]"
Added Component: Designator=C19(1206)
Add component. Clean all parameters for all variants
Add component (AddParameter): Name = "Adding Date"; Value = "1387/12/20"; VariantName = "[No Variations]"
Add component (AddParameter): Name = "Designer"; Value = "Saeid Jorablo"; VariantName = "[No Variations]"
Add component (AddParameter): Name = "Organazation"; Value = "ControTec"; VariantName = "[No Variations]"
Add component (AddParameter): Name = "Value"; Value = "100nF"; VariantName = "[No Variations]"
Add component (AddParameter): Name = "Voltage"; Value = "100V"; VariantName = "[No Variations]"
Added Component: Designator=C21(1206)
Add component. Clean all parameters for all variants
Add component (AddParameter): Name = "Adding Date"; Value = "1387/12/20"; VariantName = "[No Variations]"
Add component (AddParameter): Name = "Designer"; Value = "Saeid Jorablo"; VariantName = "[No Variations]"
Add component (AddParameter): Name = "Organazation"; Value = "ControTec"; VariantName = "[No Variations]"
Add component (AddParameter): Name = "Value"; Value = "100nF"; VariantName = "[No Variations]"
Add component (AddParameter): Name = "Voltage"; Value = "100V"; VariantName = "[No Variations]"
Added Component: Designator=C100(1206)
Add component. Clean all parameters for all variants
Add component (AddParameter): Name = "Adding Date"; Value = "1387/12/20"; VariantName = "[No Variations]"
Add component (AddParameter): Name = "Designer"; Value = "Saeid Jorablo"; VariantName = "[No Variations]"
Add component (AddParameter): Name = "Organazation"; Value = "ControTec"; VariantName = "[No Variations]"
Add component (AddParameter): Name = "Value"; Value = "100nF"; VariantName = "[No Variations]"
Add component (AddParameter): Name = "Voltage"; Value = "100V"; VariantName = "[No Variations]"
Added Component: Designator=C200(1206)
Add component. Clean all parameters for all variants
Add component (AddParameter): Name = "Adding Date"; Value = "1387/12/20"; VariantName = "[No Variations]"
Add component (AddParameter): Name = "Designer"; Value = "Saeid Jorablo"; VariantName = "[No Variations]"
Add component (AddParameter): Name = "Organazation"; Value = "ControTec"; VariantName = "[No Variations]"
Add component (AddParameter): Name = "Value"; Value = "100nF"; VariantName = "[No Variations]"
Add component (AddParameter): Name = "Voltage"; Value = "100V"; VariantName = "[No Variations]"
Added Component: Designator=D4(SMB)
Add component. Clean all parameters for all variants
Add component (AddParameter): Name = "Code_JEDEC"; Value = "DO-214-AA"; VariantName = "[No Variations]"
Add component (AddParameter): Name = "LatestRevisionDate"; Value = "17-Jul-2002"; VariantName = "[No Variations]"
Add component (AddParameter): Name = "LatestRevisionNote"; Value = "Re-released for DXP Platform."; VariantName = "[No Variations]"
Add component (AddParameter): Name = "PackageDescription"; Value = "DO-214-AA/SMB; 2 C-Bend Leads; Body 5.3 x 3.6 mm, inc. leads (LxW)"; VariantName = "[No Variations]"
Add component (AddParameter): Name = "PackageReference"; Value = "SMB"; VariantName = "[No Variations]"
Add component (AddParameter): Name = "Published"; Value = "8-Jun-2000"; VariantName = "[No Variations]"
Add component (AddParameter): Name = "Publisher"; Value = "Altium Limited"; VariantName = "[No Variations]"
Added Component: Designator=L2(CAPR5-4X5)
Add component. Clean all parameters for all variants
Add component (AddParameter): Name = "Code_IEC"; Value = "1005"; VariantName = "[No Variations]"
Add component (AddParameter): Name = "Code_JEITA"; Value = "0402"; VariantName = "[No Variations]"
Add component (AddParameter): Name = "LatestRevisionDate"; Value = "29-May-2009"; VariantName = "[No Variations]"
Add component (AddParameter): Name = "LatestRevisionNote"; Value = "IPC-7351 Footprint Added."; VariantName = "[No Variations]"
Add component (AddParameter): Name = "PackageDescription"; Value = "Chip Inductor"; VariantName = "[No Variations]"
Add component (AddParameter): Name = "PackageReference"; Value = "0402-A"; VariantName = "[No Variations]"
Add component (AddParameter): Name = "Published"; Value = "8-Jun-2000"; VariantName = "[No Variations]"
Add component (AddParameter): Name = "Publisher"; Value = "Altium Limited"; VariantName = "[No Variations]"
Add component (AddParameter): Name = "Value"; Value = "10mH"; VariantName = "[No Variations]"
Added Component: Designator=PP7(HDR1X5)
Add component. Clean all parameters for all variants
Add component (AddParameter): Name = "LatestRevisionDate"; Value = "17-Jul-2002"; VariantName = "[No Variations]"
Add component (AddParameter): Name = "LatestRevisionNote"; Value = "Re-released for DXP Platform."; VariantName = "[No Variations]"
Add component (AddParameter): Name = "Publisher"; Value = "Altium Limited"; VariantName = "[No Variations]"
Added Component: Designator=PT(HDR1X3)
Add component. Clean all parameters for all variants
Add component (AddParameter): Name = "LatestRevisionDate"; Value = "17-Jul-2002"; VariantName = "[No Variations]"
Add component (AddParameter): Name = "LatestRevisionNote"; Value = "Re-released for DXP Platform."; VariantName = "[No Variations]"
Add component (AddParameter): Name = "Publisher"; Value = "Altium Limited"; VariantName = "[No Variations]"
Added Component: Designator=R11(1206)
Add component. Clean all parameters for all variants
Add component (AddParameter): Name = "Value"; Value = "10K"; VariantName = "[No Variations]"
Added Component: Designator=R15(1206)
Add component. Clean all parameters for all variants
Add component (AddParameter): Name = "Value"; Value = "10K"; VariantName = "[No Variations]"
Added Component: Designator=R16(1206)
Add component. Clean all parameters for all variants
Add component (AddParameter): Name = "Value"; Value = "2.32k; 1%"; VariantName = "[No Variations]"
Added Component: Designator=R17(1206)
Add component. Clean all parameters for all variants
Add component (AddParameter): Name = "Value"; Value = "1k; 1%"; VariantName = "[No Variations]"
Added Component: Designator=R20(1206)
Add component. Clean all parameters for all variants
Add component (AddParameter): Name = "Value"; Value = "1K"; VariantName = "[No Variations]"
Added Component: Designator=R21(1206)
Add component. Clean all parameters for all variants
Add component (AddParameter): Name = "Value"; Value = "5.6k"; VariantName = "[No Variations]"
Added Component: Designator=U3(TS5B_N)
Add component. Clean all parameters for all variants
Add component (AddParameter): Name = "Code_JEDEC"; Value = "MO-169-AB"; VariantName = "[No Variations]"
Add component (AddParameter): Name = "ComponentLink1Description"; Value = "LM2596 Datasheet"; VariantName = "[No Variations]"
Add component (AddParameter): Name = "ComponentLink1URL"; Value = "http://www.national.com/ds/LM/LM2596.pdf"; VariantName = "[No Variations]"
Add component (AddParameter): Name = "ComponentLink2Description"; Value = "LM2596 Web Page"; VariantName = "[No Variations]"
Add component (AddParameter): Name = "ComponentLink2URL"; Value = "http://www.national.com/pf/LM/LM2596.html"; VariantName = "[No Variations]"
Add component (AddParameter): Name = "ComponentLink3Description"; Value = "TS5B Package Page"; VariantName = "[No Variations]"
Add component (AddParameter): Name = "ComponentLink3URL"; Value = "http://www.national.com/packaging/folders/ts5b.html"; VariantName = "[No Variations]"
Add component (AddParameter): Name = "CompType"; Value = "Switcher"; VariantName = "[No Variations]"
Add component (AddParameter): Name = "DatasheetVersion"; Value = "May-2002"; VariantName = "[No Variations]"
Add component (AddParameter): Name = "Manufacturer"; Value = "National Semiconductor"; VariantName = "[No Variations]"
Add component (AddParameter): Name = "PackageDescription"; Value = "TO-263, Molded, .400 x .390 x .180in, 5 Lead, .067in Pitch, Surface Mount"; VariantName = "[No Variations]"
Add component (AddParameter): Name = "PackageReference"; Value = "TS5B"; VariantName = "[No Variations]"
Add component (AddParameter): Name = "PackageTopMarking"; Value = "NSUZXYTTE#*LM2596S*-ADJ P+"; VariantName = "[No Variations]"
Add component (AddParameter): Name = "PackageVersion"; Value = "revD, Apr-2005"; VariantName = "[No Variations]"
Add component (AddParameter): Name = "PartNumber"; Value = "LM2596S-ADJ"; VariantName = "[No Variations]"
Add component (AddParameter): Name = "PinCount"; Value = "5"; VariantName = "[No Variations]"
Add component (AddParameter): Name = "PowerWise"; Value = "N"; VariantName = "[No Variations]"
Add component (AddParameter): Name = "Published"; Value = "4-Dec-2008"; VariantName = "[No Variations]"
Add component (AddParameter): Name = "Publisher"; Value = "Altium Limited"; VariantName = "[No Variations]"
Add component (AddParameter): Name = "RoHS"; Value = "N"; VariantName = "[No Variations]"
Add component (AddParameter): Name = "Supplier 1"; Value = "Farnell"; VariantName = "[No Variations]"
Add component (AddParameter): Name = "Supplier 2"; Value = "Farnell"; VariantName = "[No Variations]"
Add component (AddParameter): Name = "Supplier Part Number 1"; Value = "1523864"; VariantName = "[No Variations]"
Add component (AddParameter): Name = "Supplier Part Number 2"; Value = "9494367"; VariantName = "[No Variations]"
Added Component: Designator=Y1(R38)
Add component. Clean all parameters for all variants
Add component (AddParameter): Name = "LatestRevisionDate"; Value = "17-Jul-2002"; VariantName = "[No Variations]"
Add component (AddParameter): Name = "LatestRevisionNote"; Value = "Re-released for DXP Platform."; VariantName = "[No Variations]"
Add component (AddParameter): Name = "PackageDescription"; Value = "Crystal, Thru-Hole; 2 Leads; Body 3.1 x 8.2 mm (Dia.xH)"; VariantName = "[No Variations]"
Add component (AddParameter): Name = "PackageReference"; Value = "R38"; VariantName = "[No Variations]"
Add component (AddParameter): Name = "Published"; Value = "8-Jun-2000"; VariantName = "[No Variations]"
Add component (AddParameter): Name = "Publisher"; Value = "Altium Limited"; VariantName = "[No Variations]"
Added Component: Designator=Y2(R38)
Add component. Clean all parameters for all variants
Add component (AddParameter): Name = "LatestRevisionDate"; Value = "17-Jul-2002"; VariantName = "[No Variations]"
Add component (AddParameter): Name = "LatestRevisionNote"; Value = "Re-released for DXP Platform."; VariantName = "[No Variations]"
Add component (AddParameter): Name = "PackageDescription"; Value = "Crystal, Thru-Hole; 2 Leads; Body 3.1 x 8.2 mm (Dia.xH)"; VariantName = "[No Variations]"
Add component (AddParameter): Name = "PackageReference"; Value = "R38"; VariantName = "[No Variations]"
Add component (AddParameter): Name = "Published"; Value = "8-Jun-2000"; VariantName = "[No Variations]"
Add component (AddParameter): Name = "Publisher"; Value = "Altium Limited"; VariantName = "[No Variations]"
Added Pin To Net: NetName=3.3V Pin=C7-2
Added Pin To Net: NetName=3.3V Pin=C8-1
Added Pin To Net: NetName=GND Pin=C8-2
Added Pin To Net: NetName=3.3V Pin=C13-1
Added Pin To Net: NetName=GND Pin=C13-2
Added Pin To Net: NetName=3.3V Pin=C14-1
Added Pin To Net: NetName=GND Pin=C14-2
Added Pin To Net: NetName=NRST Pin=C15-1
Added Pin To Net: NetName=GND Pin=C15-2
Added Pin To Net: NetName=GND Pin=C16-1
Added Pin To Net: NetName=NetC16_2 Pin=C16-2
Added Pin To Net: NetName=GND Pin=C17-1
Added Pin To Net: NetName=NetC17_2 Pin=C17-2
Added Pin To Net: NetName=GND Pin=C18-1
Added Pin To Net: NetName=NetC18_2 Pin=C18-2
Added Pin To Net: NetName=GND Pin=C19-1
Added Pin To Net: NetName=NetC19_2 Pin=C19-2
Added Pin To Net: NetName=V12 Pin=C21-1
Added Pin To Net: NetName=GND Pin=C21-2
Added Pin To Net: NetName=3.3V Pin=C100-1
Added Pin To Net: NetName=GND Pin=C100-2
Added Pin To Net: NetName=3.3V Pin=C200-1
Added Pin To Net: NetName=GND Pin=C200-2
Added Pin To Net: NetName=GND Pin=D4-1
Added Pin To Net: NetName=3.3V Pin=L2-2
Added Pin To Net: NetName=3.3V Pin=PP7-1
Added Pin To Net: NetName=MOSI2 Pin=PP7-2
Added Pin To Net: NetName=MISO2 Pin=PP7-3
Added Pin To Net: NetName=SCK_SPI2 Pin=PP7-4
Added Pin To Net: NetName=GND Pin=PP7-5
Added Pin To Net: NetName=3.3V Pin=PT-1
Added Pin To Net: NetName=temp_data Pin=PT-2
Added Pin To Net: NetName=GND Pin=PT-3
Added Pin To Net: NetName=3.3V Pin=R11-1
Added Pin To Net: NetName=NRST Pin=R11-2
Added Pin To Net: NetName=NetC18_2 Pin=R15-1
Added Pin To Net: NetName=NetC19_2 Pin=R15-2
Added Pin To Net: NetName=3.3V Pin=R16-1
Added Pin To Net: NetName=GND Pin=R17-2
Added Pin To Net: NetName=STATUS Pin=R20-1
Added Pin To Net: NetName=NetR20_2 Pin=R20-2
Added Pin To Net: NetName=GND Pin=R21-1
Added Pin To Net: NetName=NetR20_2 Pin=R21-2
Added Pin To Net: NetName=V12 Pin=U3-1
Added Pin To Net: NetName=GND Pin=U3-3
Added Pin To Net: NetName=GND Pin=U3-5
Added Pin To Net: NetName=GND Pin=U3-6
Added Pin To Net: NetName=NetC17_2 Pin=Y1-1
Added Pin To Net: NetName=NetC16_2 Pin=Y1-2
Added Pin To Net: NetName=NetC19_2 Pin=Y2-1
Added Pin To Net: NetName=NetC18_2 Pin=Y2-2
Added Pin To Net: NetName=NetC7_1 Pin=C7-1
Added Pin To Net: NetName=NetC7_1 Pin=R16-2
Added Pin To Net: NetName=NetC7_1 Pin=R17-1
Added Pin To Net: NetName=NetC7_1 Pin=U3-4
Added Net: Name=NetC7_1
Added Pin To Net: NetName=NetD4_2 Pin=D4-2
Added Pin To Net: NetName=NetD4_2 Pin=L2-1
Added Pin To Net: NetName=NetD4_2 Pin=U3-2
Added Net: Name=NetD4_2
Added Member To Class: ClassName=Sheet1 Member=Component C8 220 μF; 25 V
Added Member To Class: ClassName=Sheet1 Member=Component C13 100nF
Added Member To Class: ClassName=Sheet1 Member=Component C14 100nF
Added Member To Class: ClassName=Sheet1 Member=Component C15 100nF
Added Member To Class: ClassName=Sheet1 Member=Component C16 100nF
Added Member To Class: ClassName=Sheet1 Member=Component C17 100nF
Added Member To Class: ClassName=Sheet1 Member=Component C18 100nF
Added Member To Class: ClassName=Sheet1 Member=Component C19 100nF
Added Member To Class: ClassName=Sheet1 Member=Component C21 100nF
Added Member To Class: ClassName=Sheet1 Member=Component C100 100nF
Added Member To Class: ClassName=Sheet1 Member=Component C200 100nF
Added Member To Class: ClassName=Sheet1 Member=Component D4 SM5822
Added Member To Class: ClassName=Sheet1 Member=Component L2 68uH 3.1A (47 33)
Added Member To Class: ClassName=Sheet1 Member=Component PP7 SPI2
Added Member To Class: ClassName=Sheet1 Member=Component PT Temp_Sensor
Added Member To Class: ClassName=Sheet1 Member=Component R11 10K
Added Member To Class: ClassName=Sheet1 Member=Component R15 10K
Added Member To Class: ClassName=Sheet1 Member=Component R16 2.32k; 1%
Added Member To Class: ClassName=Sheet1 Member=Component R17 1k; 1%
Added Member To Class: ClassName=Sheet1 Member=Component R20 1K
Added Member To Class: ClassName=Sheet1 Member=Component R21 5.6k
Added Member To Class: ClassName=Sheet1 Member=Component U3 LM2596S-ADJ
Added Member To Class: ClassName=Sheet1 Member=Component Y1 XTAL
Added Member To Class: ClassName=Sheet1 Member=Component Y2 XTAL
Added Room: Name=Sheet1
