Removed Pin From Net: NetName=RX3 Pin=PP10-2
Removed Pin From Net: NetName=TX3 Pin=PP10-3
Removed Pin From Net: NetName=MICRO_TX2 Pin=R4-2
Removed Pin From Net: NetName=MICRO_RX2 Pin=R5-1
Removed Pin From Net: NetName=MICRO_TX2 Pin=R7-1
Removed Pin From Net: NetName=MICRO_RX2 Pin=R8-1
Removed Pin From Net: NetName=TX3 Pin=UU1-15
Removed Pin From Net: NetName=RX3 Pin=UU1-16
Change Component Comment : Designator=PP10 Old Comment=UART3 New Comment=uart1_debugport
Added Component: Designator=PP7(HDR1X5)
Add component. Clean all parameters for all variants
Add component (AddParameter): Name = "LatestRevisionDate"; Value = "17-Jul-2002"; VariantName = "[No Variations]"
Add component (AddParameter): Name = "LatestRevisionNote"; Value = "Re-released for DXP Platform."; VariantName = "[No Variations]"
Add component (AddParameter): Name = "Publisher"; Value = "Altium Limited"; VariantName = "[No Variations]"
Added Pin To Net: NetName=3.3V Pin=PP7-1
Added Pin To Net: NetName=MOSI2 Pin=PP7-2
Added Pin To Net: NetName=MISO2 Pin=PP7-3
Added Pin To Net: NetName=SCK_SPI2 Pin=PP7-4
Added Pin To Net: NetName=GND Pin=PP7-5
Added Pin To Net: NetName=MICRO_TX2 Pin=PP10-2
Added Pin To Net: NetName=MICRO_RX2 Pin=PP10-3
Added Pin To Net: NetName=MICRO_RX2 Pin=UU1-26
Added Pin To Net: NetName=MICRO_TX2 Pin=UU1-27
Change Net Name : Old Net Name=MICRO_RX2 New Net Name=TX1
Change Net Name : Old Net Name=MICRO_TX2 New Net Name=RX1
Added Pin To Net: NetName=MICRO_RX3 Pin=R5-1
Added Pin To Net: NetName=MICRO_RX3 Pin=R8-1
Added Pin To Net: NetName=MICRO_RX3 Pin=UU1-16
Added Net: Name=MICRO_RX3
Added Pin To Net: NetName=MICRO_TX3 Pin=R4-2
Added Pin To Net: NetName=MICRO_TX3 Pin=R7-1
Added Pin To Net: NetName=MICRO_TX3 Pin=UU1-15
Added Net: Name=MICRO_TX3
Added Member To Class: ClassName=Sheet1 Member=Component PP7 SPI2
Added Room: Name=Sheet1
