Added Component: Designator=P5(HDR1X4)
Add component. Clean all parameters for all variants
Add component (AddParameter): Name = "LatestRevisionDate"; Value = "17-Jul-2002"; VariantName = "[No Variations]"
Add component (AddParameter): Name = "LatestRevisionNote"; Value = "Re-released for DXP Platform."; VariantName = "[No Variations]"
Add component (AddParameter): Name = "Publisher"; Value = "Altium Limited"; VariantName = "[No Variations]"
Added Component: Designator=P55(HDR1X4)
Add component. Clean all parameters for all variants
Add component (AddParameter): Name = "LatestRevisionDate"; Value = "17-Jul-2002"; VariantName = "[No Variations]"
Add component (AddParameter): Name = "LatestRevisionNote"; Value = "Re-released for DXP Platform."; VariantName = "[No Variations]"
Add component (AddParameter): Name = "Publisher"; Value = "Altium Limited"; VariantName = "[No Variations]"
Added Pin To Net: NetName=3.3V Pin=P5-1
Added Pin To Net: NetName=SDA Pin=P5-2
Added Pin To Net: NetName=SDA Pin=P5-3
Added Pin To Net: NetName=GND Pin=P5-4
Added Pin To Net: NetName=3.3V Pin=P55-1
Added Pin To Net: NetName=SDA Pin=P55-2
Added Pin To Net: NetName=SDA Pin=P55-3
Added Pin To Net: NetName=GND Pin=P55-4
Added Member To Class: ClassName=Sheet3 Member=Component P5 mu_CONNECTOR
Added Member To Class: ClassName=Sheet1 Member=Component P55 mu_CONNECTOR
