Removed Pin From Net: NetName=GND Pin=C1-1
Removed Pin From Net: NetName=5V Pin=C1-2
Removed Pin From Net: NetName=5V Pin=D1-2
Removed Pin From Net: NetName=3.3V Pin=PT22-1
Removed Pin From Net: NetName=temp_data Pin=PT22-2
Removed Pin From Net: NetName=GND Pin=PT22-3
Removed Pin From Net: NetName=GND Pin=Q1-2
Removed Pin From Net: NetName=GND Pin=R2-2
Added Component: Designator=P?(HDR1X2)
Add component. Clean all parameters for all variants
Add component (AddParameter): Name = "LatestRevisionDate"; Value = "17-Jul-2002"; VariantName = "[No Variations]"
Add component (AddParameter): Name = "LatestRevisionNote"; Value = "Re-released for DXP Platform."; VariantName = "[No Variations]"
Add component (AddParameter): Name = "Publisher"; Value = "Altium Limited"; VariantName = "[No Variations]"
Added Component: Designator=PP11(SPI_CAN)
Add component. Clean all parameters for all variants
Added Pin To Net: NetName=3.3V Pin=P?-1
Added Pin To Net: NetName=5V Pin=P?-2
Added Pin To Net: NetName=CS2 Pin=PP9-2
Added Pin To Net: NetName=SPI2_SCK Pin=PP9-3
Added Pin To Net: NetName=SPI2_MISO Pin=PP9-5
Added Pin To Net: NetName=SPI2_MOSI Pin=PP9-7
Added Pin To Net: NetName=5V Pin=PP11-1
Added Pin To Net: NetName=GND Pin=PP11-2
Added Pin To Net: NetName=CS2 Pin=PP11-3
Added Pin To Net: NetName=SPI2_MISO Pin=PP11-4
Added Pin To Net: NetName=SPI2_MOSI Pin=PP11-5
Added Pin To Net: NetName=SPI2_SCK Pin=PP11-6
Added Pin To Net: NetName=3.3V Pin=PP?-1
Added Pin To Net: NetName=GND Pin=PP?-4
Added Pin To Net: NetName=CS2 Pin=UU1-21
Added Pin To Net: NetName=SPI2_SCK Pin=UU1-22
Added Pin To Net: NetName=SPI2_MISO Pin=UU1-23
Added Pin To Net: NetName=SPI2_MOSI Pin=UU1-24
Added Member To Class: ClassName=Sheet1 Member=Component P? jamper
Added Member To Class: ClassName=Sheet1 Member=Component PP1 gps_connector
Added Member To Class: ClassName=Sheet1 Member=Component PP2 humadity_sensor
Added Member To Class: ClassName=Sheet1 Member=Component PP3 PIR_Sensor
Added Member To Class: ClassName=Sheet1 Member=Component PP11 spi can
Added Member To Class: ClassName=Sheet1 Member=Component R22 1K
Added Member To Class: ClassName=Sheet1 Member=Component R23 1K
Added Member To Class: ClassName=Sheet1 Member=Component R? 1K
Added Member To Class: ClassName=Sheet1 Member=Component reg1 ams1117-5
Change Room Name: Old Name=Sheet2 New Name=Sheet1
Change Room Scope: Old Scope=InComponentClass('Sheet2') New Scope=InComponentClass('Sheet1')
