Change Component Designator: OldDesignator=C? NewDesignator=C10
Change Component Designator: OldDesignator=C? NewDesignator=C11
Change Component Designator: OldDesignator=C? NewDesignator=C12
Change Component Designator: OldDesignator=D? NewDesignator=D6
Change Component Designator: OldDesignator=IC? NewDesignator=IC1
Change Component Designator: OldDesignator=L? NewDesignator=L3
Change Component Designator: OldDesignator=R? NewDesignator=R18
Change Component Designator: OldDesignator=R? NewDesignator=R19
Change Component Designator: OldDesignator=R? NewDesignator=R31
Change Component Designator: OldDesignator=U? NewDesignator=U18
Added Component: Designator=POWER1(POWERIN)
Add component. Clean all parameters for all variants
Add component (AddParameter): Name = "ComponentLink1Description"; Value = "Manufacturer Link"; VariantName = "[No Variations]"
Add component (AddParameter): Name = "ComponentLink1URL"; Value = "http://domino.kycon.com/internet/Products.html"; VariantName = "[No Variations]"
Add component (AddParameter): Name = "DatasheetDocument"; Value = "09-May-2002"; VariantName = "[No Variations]"
Add component (AddParameter): Name = "Published"; Value = "17-Dec-2003"; VariantName = "[No Variations]"
Add component (AddParameter): Name = "Publisher"; Value = "Altium Limited"; VariantName = "[No Variations]"
Added Component: Designator=POWER2(POWERIN)
Add component. Clean all parameters for all variants
Add component (AddParameter): Name = "ComponentLink1Description"; Value = "Manufacturer Link"; VariantName = "[No Variations]"
Add component (AddParameter): Name = "ComponentLink1URL"; Value = "http://domino.kycon.com/internet/Products.html"; VariantName = "[No Variations]"
Add component (AddParameter): Name = "DatasheetDocument"; Value = "09-May-2002"; VariantName = "[No Variations]"
Add component (AddParameter): Name = "Published"; Value = "17-Dec-2003"; VariantName = "[No Variations]"
Add component (AddParameter): Name = "Publisher"; Value = "Altium Limited"; VariantName = "[No Variations]"
Added Pin To Net: NetName=V12 Pin=POWER1-1
Added Pin To Net: NetName=GND Pin=POWER1-2
Added Pin To Net: NetName=GND Pin=POWER1-3
Added Pin To Net: NetName=12V Pin=POWER2-1
Added Pin To Net: NetName=GND Pin=POWER2-2
Added Pin To Net: NetName=GND Pin=POWER2-3
Change Net Name : Old Net Name=NetC?_1 New Net Name=NetC10_1
Change Net Name : Old Net Name=NetD?_2 New Net Name=NetD6_2
Change Net Name : Old Net Name=NetR?_1 New Net Name=NetR19_2
Added Member To Class: ClassName=Sheet3 Member=Component C10 15nF
Added Member To Class: ClassName=Sheet3 Member=Component C12 100nF
Added Member To Class: ClassName=Sheet1 Member=Component POWER1 POWER
Added Member To Class: ClassName=Sheet3 Member=Component POWER2 POWER
Added Member To Class: ClassName=Sheet3 Member=Component R18 3.3k; 1%
Added Member To Class: ClassName=Sheet3 Member=Component R19 10k; 1%
Added Member To Class: ClassName=Sheet1 Member=Component R? 5.6K
