Change Component Designator: Old Designator=C? New Designator=C22
Change Component Designator: Old Designator=C? New Designator=C23
Change Component Designator: Old Designator=C? New Designator=C24
Change Component Designator: Old Designator=C? New Designator=C25
Change Component Designator: Old Designator=C? New Designator=C26
Change Component Designator: Old Designator=C? New Designator=C27
Change Component Designator: Old Designator=C? New Designator=C28
Change Component Designator: Old Designator=C? New Designator=C29
Change Component Designator: Old Designator=C? New Designator=C30
Change Component Designator: Old Designator=C? New Designator=C31
Change Component Designator: Old Designator=C? New Designator=C32
Change Component Designator: Old Designator=C? New Designator=C33
Change Component Designator: Old Designator=C? New Designator=C34
Change Component Designator: Old Designator=C? New Designator=C35
Change Component Designator: Old Designator=C? New Designator=C36
Change Component Designator: Old Designator=C? New Designator=C37
Change Component Designator: Old Designator=C? New Designator=C38
Change Component Designator: Old Designator=C? New Designator=C39
Change Component Designator: Old Designator=C? New Designator=C40
Change Component Designator: Old Designator=C? New Designator=C41
Change Component Designator: Old Designator=C? New Designator=C42
Change Component Designator: Old Designator=C? New Designator=C43
Change Component Designator: Old Designator=C? New Designator=C44
Change Component Designator: Old Designator=D? New Designator=D5
Change Component Designator: Old Designator=D? New Designator=D6
Change Component Designator: Old Designator=D? New Designator=D7
Change Component Designator: Old Designator=D? New Designator=D8
Change Component Designator: Old Designator=D? New Designator=D9
Change Component Designator: Old Designator=D? New Designator=D10
Change Component Designator: Old Designator=D? New Designator=D11
Change Component Designator: Old Designator=D? New Designator=D12
Change Component Designator: Old Designator=D? New Designator=D13
Change Component Designator: Old Designator=D? New Designator=D14
Change Component Designator: Old Designator=D? New Designator=D15
Change Component Designator: Old Designator=D? New Designator=D16
Change Component Designator: Old Designator=D? New Designator=D17
Change Component Designator: Old Designator=D? New Designator=D18
Change Component Designator: Old Designator=D? New Designator=D19
Change Component Designator: Old Designator=D? New Designator=D20
Change Component Designator: Old Designator=D? New Designator=D21
Change Component Designator: Old Designator=D? New Designator=D22
Change Component Designator: Old Designator=D? New Designator=D23
Change Component Designator: Old Designator=D? New Designator=D24
Change Component Designator: Old Designator=D? New Designator=D25
Change Component Designator: Old Designator=D? New Designator=D26
Change Component Designator: Old Designator=D? New Designator=D27
Change Component Designator: Old Designator=K? New Designator=K2
Change Component Designator: Old Designator=K? New Designator=K3
Change Component Designator: Old Designator=K? New Designator=K4
Change Component Designator: Old Designator=K? New Designator=K5
Change Component Designator: Old Designator=K? New Designator=K6
Change Component Designator: Old Designator=K? New Designator=K7
Change Component Designator: Old Designator=K? New Designator=K8
Change Component Designator: Old Designator=K? New Designator=K9
Change Component Designator: Old Designator=K? New Designator=K10
Change Component Designator: Old Designator=K? New Designator=K11
Change Component Designator: Old Designator=K? New Designator=K12
Change Component Designator: Old Designator=K? New Designator=K13
Change Component Designator: Old Designator=K? New Designator=K14
Change Component Designator: Old Designator=K? New Designator=K15
Change Component Designator: Old Designator=K? New Designator=K16
Change Component Designator: Old Designator=K? New Designator=K17
Change Component Designator: Old Designator=K? New Designator=K18
Change Component Designator: Old Designator=K? New Designator=K19
Change Component Designator: Old Designator=K? New Designator=K20
Change Component Designator: Old Designator=K? New Designator=K21
Change Component Designator: Old Designator=K? New Designator=K22
Change Component Designator: Old Designator=K? New Designator=K23
Change Component Designator: Old Designator=K? New Designator=K24
Change Component Designator: Old Designator=PA? New Designator=PA2
Change Component Designator: Old Designator=PA? New Designator=PA3
Change Component Designator: Old Designator=PA? New Designator=PA4
Change Component Designator: Old Designator=PA? New Designator=PA5
Change Component Designator: Old Designator=PA? New Designator=PA6
Change Component Designator: Old Designator=PA? New Designator=PA7
Change Component Designator: Old Designator=PA? New Designator=PA8
Change Component Designator: Old Designator=PA? New Designator=PA9
Change Component Designator: Old Designator=PA? New Designator=PA10
Change Component Designator: Old Designator=PA? New Designator=PA11
Change Component Designator: Old Designator=PA? New Designator=PA12
Change Component Designator: Old Designator=PA? New Designator=PA13
Change Component Designator: Old Designator=PA? New Designator=PA14
Change Component Designator: Old Designator=PA? New Designator=PA15
Change Component Designator: Old Designator=PA? New Designator=PA16
Change Component Designator: Old Designator=PA? New Designator=PA17
Change Component Designator: Old Designator=PA? New Designator=PA18
Change Component Designator: Old Designator=PA? New Designator=PA19
Change Component Designator: Old Designator=PA? New Designator=PA20
Change Component Designator: Old Designator=PA? New Designator=PA21
Change Component Designator: Old Designator=PA? New Designator=PA22
Change Component Designator: Old Designator=PA? New Designator=PA23
Change Component Designator: Old Designator=PA? New Designator=PA24
Change Component Designator: Old Designator=PB? New Designator=PB2
Change Component Designator: Old Designator=PB? New Designator=PB3
Change Component Designator: Old Designator=PB? New Designator=PB4
Change Component Designator: Old Designator=PB? New Designator=PB5
Change Component Designator: Old Designator=PB? New Designator=PB6
Change Component Designator: Old Designator=PB? New Designator=PB7
Change Component Designator: Old Designator=PB? New Designator=PB8
Change Component Designator: Old Designator=PB? New Designator=PB9
Change Component Designator: Old Designator=PB? New Designator=PB10
Change Component Designator: Old Designator=PB? New Designator=PB11
Change Component Designator: Old Designator=PB? New Designator=PB12
Change Component Designator: Old Designator=PB? New Designator=PB13
Change Component Designator: Old Designator=PB? New Designator=PB14
Change Component Designator: Old Designator=PB? New Designator=PB15
Change Component Designator: Old Designator=PB? New Designator=PB16
Change Component Designator: Old Designator=PB? New Designator=PB17
Change Component Designator: Old Designator=PB? New Designator=PB18
Change Component Designator: Old Designator=PB? New Designator=PB19
Change Component Designator: Old Designator=PB? New Designator=PB20
Change Component Designator: Old Designator=PB? New Designator=PB21
Change Component Designator: Old Designator=PB? New Designator=PB22
Change Component Designator: Old Designator=PB? New Designator=PB23
Change Component Designator: Old Designator=PB? New Designator=PB24
Change Component Designator: Old Designator=Q? New Designator=Q2
Change Component Designator: Old Designator=Q? New Designator=Q3
Change Component Designator: Old Designator=Q? New Designator=Q4
Change Component Designator: Old Designator=Q? New Designator=Q5
Change Component Designator: Old Designator=Q? New Designator=Q6
Change Component Designator: Old Designator=Q? New Designator=Q7
Change Component Designator: Old Designator=Q? New Designator=Q8
Change Component Designator: Old Designator=Q? New Designator=Q9
Change Component Designator: Old Designator=Q? New Designator=Q10
Change Component Designator: Old Designator=Q? New Designator=Q11
Change Component Designator: Old Designator=Q? New Designator=Q12
Change Component Designator: Old Designator=Q? New Designator=Q13
Change Component Designator: Old Designator=Q? New Designator=Q14
Change Component Designator: Old Designator=Q? New Designator=Q15
Change Component Designator: Old Designator=Q? New Designator=Q16
Change Component Designator: Old Designator=Q? New Designator=Q17
Change Component Designator: Old Designator=Q? New Designator=Q18
Change Component Designator: Old Designator=Q? New Designator=Q19
Change Component Designator: Old Designator=Q? New Designator=Q20
Change Component Designator: Old Designator=Q? New Designator=Q21
Change Component Designator: Old Designator=Q? New Designator=Q22
Change Component Designator: Old Designator=Q? New Designator=Q23
Change Component Designator: Old Designator=Q? New Designator=Q24
Change Component Designator: Old Designator=R? New Designator=R17
Change Component Designator: Old Designator=R? New Designator=R18
Change Component Designator: Old Designator=R? New Designator=R19
Change Component Designator: Old Designator=R? New Designator=R22
Change Component Designator: Old Designator=R? New Designator=R23
Change Component Designator: Old Designator=R? New Designator=R24
Change Component Designator: Old Designator=R? New Designator=R27
Change Component Designator: Old Designator=R? New Designator=R28
Change Component Designator: Old Designator=R? New Designator=R29
Change Component Designator: Old Designator=R? New Designator=R30
Change Component Designator: Old Designator=R? New Designator=R31
Change Component Designator: Old Designator=R? New Designator=R32
Change Component Designator: Old Designator=R? New Designator=R33
Change Component Designator: Old Designator=R? New Designator=R34
Change Component Designator: Old Designator=R? New Designator=R35
Change Component Designator: Old Designator=R? New Designator=R36
Change Component Designator: Old Designator=R? New Designator=R37
Change Component Designator: Old Designator=R? New Designator=R38
Change Component Designator: Old Designator=R? New Designator=R39
Change Component Designator: Old Designator=R? New Designator=R40
Change Component Designator: Old Designator=R? New Designator=R41
Change Component Designator: Old Designator=R? New Designator=R42
Change Component Designator: Old Designator=R? New Designator=R43
